This file contains any messages produced by compilers while
running configure, to aid debugging if configure makes a mistake.

It was created by libtar configure 1.2.20, which was
generated by GNU Autoconf 2.69.  Invocation command line was

  $ ./configure 

## --------- ##
## Platform. ##
## --------- ##

hostname = lain.olin.edu
uname -m = x86_64
uname -r = 13.0.0
uname -s = Darwin
uname -v = Darwin Kernel Version 13.0.0: Thu Sep 19 22:22:27 PDT 2013; root:xnu-2422.1.72~6/RELEASE_X86_64

/usr/bin/uname -p = i386
/bin/uname -X     = unknown

/bin/arch              = unknown
/usr/bin/arch -k       = unknown
/usr/convex/getsysinfo = unknown
/usr/bin/hostinfo      = Mach kernel version:
	 Darwin Kernel Version 13.0.0: Thu Sep 19 22:22:27 PDT 2013; root:xnu-2422.1.72~6/RELEASE_X86_64
Kernel configured for up to 4 processors.
2 processors are physically available.
4 processors are logically available.
Processor type: i486 (Intel 80486)
Processors active: 0 1 2 3
Primary memory available: 8.00 gigabytes
Default processor set: 252 tasks, 1611 threads, 4 processors
Load average: 2.26, Mach factor: 2.06
/bin/machine           = unknown
/usr/bin/oslevel       = unknown
/bin/universe          = unknown

PATH: /Users/tim/.rvm/gems/ruby-1.9.3-p327@tcr/bin
PATH: /Users/tim/.rvm/gems/ruby-1.9.3-p327@global/bin
PATH: /Users/tim/.rvm/rubies/ruby-1.9.3-p327/bin
PATH: /Users/tim/.rvm/bin
PATH: /usr/local/bin
PATH: /usr/bin
PATH: /bin
PATH: /usr/sbin
PATH: /sbin
PATH: /usr/local/bin
PATH: /opt/X11/bin
PATH: /usr/local/git/bin
PATH: /usr/texbin
PATH: /Users/tim/.rvm/bin
PATH: /Users/tim/Developer/Cross/arm-cs-tools-2012.03-56-e3f4013-20130610/bin


## ----------- ##
## Core tests. ##
## ----------- ##

configure:2329: checking for a BSD-compatible install
configure:2397: result: /usr/bin/install -c
configure:2408: checking whether build environment is sane
configure:2463: result: yes
configure:2614: checking for a thread-safe mkdir -p
configure:2653: result: autoconf/install-sh -c -d
configure:2660: checking for gawk
configure:2690: result: no
configure:2660: checking for mawk
configure:2690: result: no
configure:2660: checking for nawk
configure:2690: result: no
configure:2660: checking for awk
configure:2676: found /usr/bin/awk
configure:2687: result: awk
configure:2698: checking whether make sets $(MAKE)
configure:2720: result: yes
configure:2749: checking whether make supports nested variables
configure:2766: result: yes
configure:2907: checking for epkg
configure:2940: result: no
configure:2947: checking for mkencap
configure:2980: result: no
configure:3237: checking for style of include used by make
configure:3265: result: GNU
configure:3336: checking for gcc
configure:3352: found /usr/bin/gcc
configure:3363: result: gcc
configure:3592: checking for C compiler version
configure:3601: gcc --version >&5
Apple LLVM version 5.0 (clang-500.2.79) (based on LLVM 3.3svn)
Target: x86_64-apple-darwin13.0.0
Thread model: posix
Configured with: --prefix=/Applications/Xcode.app/Contents/Developer/usr --with-gxx-include-dir=/Applications/Xcode.app/Contents/Developer/Platforms/MacOSX.platform/Developer/SDKs/MacOSX10.9.sdk/usr/include/c++/4.2.1
configure:3612: $? = 0
configure:3601: gcc -v >&5
Configured with: --prefix=/Applications/Xcode.app/Contents/Developer/usr --with-gxx-include-dir=/Applications/Xcode.app/Contents/Developer/Platforms/MacOSX.platform/Developer/SDKs/MacOSX10.9.sdk/usr/include/c++/4.2.1
Apple LLVM version 5.0 (clang-500.2.79) (based on LLVM 3.3svn)
Target: x86_64-apple-darwin13.0.0
Thread model: posix
configure:3612: $? = 0
configure:3601: gcc -V >&5
clang: error: argument to '-V' is missing (expected 1 value)
clang: error: no input files
configure:3612: $? = 1
configure:3601: gcc -qversion >&5
clang: error: no input files
configure:3612: $? = 1
configure:3632: checking whether the C compiler works
configure:3654: gcc    conftest.c  >&5
configure:3658: $? = 0
configure:3706: result: yes
configure:3709: checking for C compiler default output file name
configure:3711: result: a.out
configure:3717: checking for suffix of executables
configure:3724: gcc -o conftest    conftest.c  >&5
configure:3728: $? = 0
configure:3750: result: 
configure:3772: checking whether we are cross compiling
configure:3780: gcc -o conftest    conftest.c  >&5
configure:3784: $? = 0
configure:3791: ./conftest
configure:3795: $? = 0
configure:3810: result: no
configure:3815: checking for suffix of object files
configure:3837: gcc -c   conftest.c >&5
configure:3841: $? = 0
configure:3862: result: o
configure:3866: checking whether we are using the GNU C compiler
configure:3885: gcc -c   conftest.c >&5
configure:3885: $? = 0
configure:3894: result: yes
configure:3903: checking whether gcc accepts -g
configure:3923: gcc -c -g  conftest.c >&5
configure:3923: $? = 0
configure:3964: result: yes
configure:3981: checking for gcc option to accept ISO C89
configure:4044: gcc  -c -g -O2  conftest.c >&5
configure:4044: $? = 0
configure:4057: result: none needed
configure:4082: checking whether gcc understands -c and -o together
configure:4104: gcc -c conftest.c -o conftest2.o
configure:4107: $? = 0
configure:4104: gcc -c conftest.c -o conftest2.o
configure:4107: $? = 0
configure:4119: result: yes
configure:4138: checking dependency style of gcc
configure:4249: result: none
configure:4270: checking for strlcpy
configure:4270: gcc -o conftest -g -O2   conftest.c  >&5
conftest.c:35:6: warning: incompatible redeclaration of library function 'strlcpy' [-Wincompatible-library-redeclaration]
char strlcpy ();
     ^
conftest.c:35:6: note: 'strlcpy' is a builtin with type 'unsigned long (char *, const char *, unsigned long)'
1 warning generated.
configure:4270: $? = 0
configure:4270: result: yes
configure:4292: checking for strsep
configure:4292: gcc -o conftest -g -O2   conftest.c  >&5
configure:4292: $? = 0
configure:4292: result: yes
configure:4351: checking how to run the C preprocessor
configure:4382: gcc -E  conftest.c
configure:4382: $? = 0
configure:4396: gcc -E  conftest.c
conftest.c:15:10: fatal error: 'ac_nonexistent.h' file not found
#include <ac_nonexistent.h>
         ^
1 error generated.
configure:4396: $? = 1
configure: failed program was:
| /* confdefs.h */
| #define PACKAGE_NAME "libtar"
| #define PACKAGE_TARNAME "libtar"
| #define PACKAGE_VERSION "1.2.20"
| #define PACKAGE_STRING "libtar 1.2.20"
| #define PACKAGE_BUGREPORT ""
| #define PACKAGE_URL ""
| #define PACKAGE "libtar"
| #define VERSION "1.2.20"
| #define NEED_STRLCPY 1
| #define HAVE_STRLCPY 1
| #define NEED_STRSEP 1
| #define HAVE_STRSEP 1
| /* end confdefs.h.  */
| #include <ac_nonexistent.h>
configure:4421: result: gcc -E
configure:4441: gcc -E  conftest.c
configure:4441: $? = 0
configure:4455: gcc -E  conftest.c
conftest.c:15:10: fatal error: 'ac_nonexistent.h' file not found
#include <ac_nonexistent.h>
         ^
1 error generated.
configure:4455: $? = 1
configure: failed program was:
| /* confdefs.h */
| #define PACKAGE_NAME "libtar"
| #define PACKAGE_TARNAME "libtar"
| #define PACKAGE_VERSION "1.2.20"
| #define PACKAGE_STRING "libtar 1.2.20"
| #define PACKAGE_BUGREPORT ""
| #define PACKAGE_URL ""
| #define PACKAGE "libtar"
| #define VERSION "1.2.20"
| #define NEED_STRLCPY 1
| #define HAVE_STRLCPY 1
| #define NEED_STRSEP 1
| #define HAVE_STRSEP 1
| /* end confdefs.h.  */
| #include <ac_nonexistent.h>
configure:4484: checking for grep that handles long lines and -e
configure:4542: result: /usr/bin/grep
configure:4547: checking for egrep
configure:4609: result: /usr/bin/grep -E
configure:4614: checking for ANSI C header files
configure:4634: gcc -c -g -O2  conftest.c >&5
configure:4634: $? = 0
configure:4707: gcc -o conftest -g -O2   conftest.c  >&5
configure:4707: $? = 0
configure:4707: ./conftest
configure:4707: $? = 0
configure:4718: result: yes
configure:4731: checking for sys/types.h
configure:4731: gcc -c -g -O2  conftest.c >&5
configure:4731: $? = 0
configure:4731: result: yes
configure:4731: checking for sys/stat.h
configure:4731: gcc -c -g -O2  conftest.c >&5
configure:4731: $? = 0
configure:4731: result: yes
configure:4731: checking for stdlib.h
configure:4731: gcc -c -g -O2  conftest.c >&5
configure:4731: $? = 0
configure:4731: result: yes
configure:4731: checking for string.h
configure:4731: gcc -c -g -O2  conftest.c >&5
configure:4731: $? = 0
configure:4731: result: yes
configure:4731: checking for memory.h
configure:4731: gcc -c -g -O2  conftest.c >&5
configure:4731: $? = 0
configure:4731: result: yes
configure:4731: checking for strings.h
configure:4731: gcc -c -g -O2  conftest.c >&5
configure:4731: $? = 0
configure:4731: result: yes
configure:4731: checking for inttypes.h
configure:4731: gcc -c -g -O2  conftest.c >&5
configure:4731: $? = 0
configure:4731: result: yes
configure:4731: checking for stdint.h
configure:4731: gcc -c -g -O2  conftest.c >&5
configure:4731: $? = 0
configure:4731: result: yes
configure:4731: checking for unistd.h
configure:4731: gcc -c -g -O2  conftest.c >&5
configure:4731: $? = 0
configure:4731: result: yes
configure:4744: checking minix/config.h usability
configure:4744: gcc -c -g -O2  conftest.c >&5
conftest.c:58:10: fatal error: 'minix/config.h' file not found
#include <minix/config.h>
         ^
1 error generated.
configure:4744: $? = 1
configure: failed program was:
| /* confdefs.h */
| #define PACKAGE_NAME "libtar"
| #define PACKAGE_TARNAME "libtar"
| #define PACKAGE_VERSION "1.2.20"
| #define PACKAGE_STRING "libtar 1.2.20"
| #define PACKAGE_BUGREPORT ""
| #define PACKAGE_URL ""
| #define PACKAGE "libtar"
| #define VERSION "1.2.20"
| #define NEED_STRLCPY 1
| #define HAVE_STRLCPY 1
| #define NEED_STRSEP 1
| #define HAVE_STRSEP 1
| #define STDC_HEADERS 1
| #define HAVE_SYS_TYPES_H 1
| #define HAVE_SYS_STAT_H 1
| #define HAVE_STDLIB_H 1
| #define HAVE_STRING_H 1
| #define HAVE_MEMORY_H 1
| #define HAVE_STRINGS_H 1
| #define HAVE_INTTYPES_H 1
| #define HAVE_STDINT_H 1
| #define HAVE_UNISTD_H 1
| /* end confdefs.h.  */
| #include <stdio.h>
| #ifdef HAVE_SYS_TYPES_H
| # include <sys/types.h>
| #endif
| #ifdef HAVE_SYS_STAT_H
| # include <sys/stat.h>
| #endif
| #ifdef STDC_HEADERS
| # include <stdlib.h>
| # include <stddef.h>
| #else
| # ifdef HAVE_STDLIB_H
| #  include <stdlib.h>
| # endif
| #endif
| #ifdef HAVE_STRING_H
| # if !defined STDC_HEADERS && defined HAVE_MEMORY_H
| #  include <memory.h>
| # endif
| # include <string.h>
| #endif
| #ifdef HAVE_STRINGS_H
| # include <strings.h>
| #endif
| #ifdef HAVE_INTTYPES_H
| # include <inttypes.h>
| #endif
| #ifdef HAVE_STDINT_H
| # include <stdint.h>
| #endif
| #ifdef HAVE_UNISTD_H
| # include <unistd.h>
| #endif
| #include <minix/config.h>
configure:4744: result: no
configure:4744: checking minix/config.h presence
configure:4744: gcc -E  conftest.c
conftest.c:25:10: fatal error: 'minix/config.h' file not found
#include <minix/config.h>
         ^
1 error generated.
configure:4744: $? = 1
configure: failed program was:
| /* confdefs.h */
| #define PACKAGE_NAME "libtar"
| #define PACKAGE_TARNAME "libtar"
| #define PACKAGE_VERSION "1.2.20"
| #define PACKAGE_STRING "libtar 1.2.20"
| #define PACKAGE_BUGREPORT ""
| #define PACKAGE_URL ""
| #define PACKAGE "libtar"
| #define VERSION "1.2.20"
| #define NEED_STRLCPY 1
| #define HAVE_STRLCPY 1
| #define NEED_STRSEP 1
| #define HAVE_STRSEP 1
| #define STDC_HEADERS 1
| #define HAVE_SYS_TYPES_H 1
| #define HAVE_SYS_STAT_H 1
| #define HAVE_STDLIB_H 1
| #define HAVE_STRING_H 1
| #define HAVE_MEMORY_H 1
| #define HAVE_STRINGS_H 1
| #define HAVE_INTTYPES_H 1
| #define HAVE_STDINT_H 1
| #define HAVE_UNISTD_H 1
| /* end confdefs.h.  */
| #include <minix/config.h>
configure:4744: result: no
configure:4744: checking for minix/config.h
configure:4744: result: no
configure:4765: checking whether it is safe to define __EXTENSIONS__
configure:4783: gcc -c -g -O2  conftest.c >&5
configure:4783: $? = 0
configure:4790: result: yes
configure:4852: checking for gcc
configure:4879: result: gcc
configure:5108: checking for C compiler version
configure:5117: gcc --version >&5
Apple LLVM version 5.0 (clang-500.2.79) (based on LLVM 3.3svn)
Target: x86_64-apple-darwin13.0.0
Thread model: posix
Configured with: --prefix=/Applications/Xcode.app/Contents/Developer/usr --with-gxx-include-dir=/Applications/Xcode.app/Contents/Developer/Platforms/MacOSX.platform/Developer/SDKs/MacOSX10.9.sdk/usr/include/c++/4.2.1
configure:5128: $? = 0
configure:5117: gcc -v >&5
Configured with: --prefix=/Applications/Xcode.app/Contents/Developer/usr --with-gxx-include-dir=/Applications/Xcode.app/Contents/Developer/Platforms/MacOSX.platform/Developer/SDKs/MacOSX10.9.sdk/usr/include/c++/4.2.1
Apple LLVM version 5.0 (clang-500.2.79) (based on LLVM 3.3svn)
Target: x86_64-apple-darwin13.0.0
Thread model: posix
configure:5128: $? = 0
configure:5117: gcc -V >&5
clang: error: argument to '-V' is missing (expected 1 value)
clang: error: no input files
configure:5128: $? = 1
configure:5117: gcc -qversion >&5
clang: error: no input files
configure:5128: $? = 1
configure:5132: checking whether we are using the GNU C compiler
configure:5160: result: yes
configure:5169: checking whether gcc accepts -g
configure:5230: result: yes
configure:5247: checking for gcc option to accept ISO C89
configure:5323: result: none needed
configure:5348: checking whether gcc understands -c and -o together
configure:5385: result: yes
configure:5404: checking dependency style of gcc
configure:5515: result: none
configure:5559: checking build system type
configure:5573: result: x86_64-apple-darwin13.0.0
configure:5593: checking host system type
configure:5606: result: x86_64-apple-darwin13.0.0
configure:5647: checking how to print strings
configure:5674: result: printf
configure:5695: checking for a sed that does not truncate output
configure:5759: result: /usr/bin/sed
configure:5777: checking for fgrep
configure:5839: result: /usr/bin/grep -F
configure:5874: checking for ld used by gcc
configure:5941: result: /Applications/Xcode.app/Contents/Developer/Toolchains/XcodeDefault.xctoolchain/usr/bin/ld
configure:5948: checking if the linker (/Applications/Xcode.app/Contents/Developer/Toolchains/XcodeDefault.xctoolchain/usr/bin/ld) is GNU ld
configure:5963: result: no
configure:5975: checking for BSD- or MS-compatible name lister (nm)
configure:6024: result: /usr/bin/nm
configure:6154: checking the name lister (/usr/bin/nm) interface
configure:6161: gcc -c -g -O2  conftest.c >&5
configure:6164: /usr/bin/nm "conftest.o"
configure:6167: output
000000000000021c S _some_variable
configure:6174: result: BSD nm
configure:6177: checking whether ln -s works
configure:6181: result: yes
configure:6189: checking the maximum length of command line arguments
configure:6319: result: 196608
configure:6336: checking whether the shell understands some XSI constructs
configure:6346: result: yes
configure:6350: checking whether the shell understands "+="
configure:6356: result: yes
configure:6391: checking how to convert x86_64-apple-darwin13.0.0 file names to x86_64-apple-darwin13.0.0 format
configure:6431: result: func_convert_file_noop
configure:6438: checking how to convert x86_64-apple-darwin13.0.0 file names to toolchain format
configure:6458: result: func_convert_file_noop
configure:6465: checking for /Applications/Xcode.app/Contents/Developer/Toolchains/XcodeDefault.xctoolchain/usr/bin/ld option to reload object files
configure:6472: result: -r
configure:6546: checking for objdump
configure:6562: found /usr/local/bin/objdump
configure:6573: result: objdump
configure:6605: checking how to recognize dependent libraries
configure:6807: result: pass_all
configure:6892: checking for dlltool
configure:6922: result: no
configure:6952: checking how to associate runtime and link libraries
configure:6979: result: printf %s\n
configure:7039: checking for ar
configure:7055: found /usr/bin/ar
configure:7066: result: ar
configure:7103: checking for archiver @FILE support
configure:7120: gcc -c -g -O2  conftest.c >&5
configure:7120: $? = 0
configure:7123: ar cru libconftest.a @conftest.lst >&5
ar: @conftest.lst: No such file or directory
configure:7126: $? = 1
configure:7146: result: no
configure:7204: checking for strip
configure:7220: found /usr/bin/strip
configure:7231: result: strip
configure:7303: checking for ranlib
configure:7319: found /usr/bin/ranlib
configure:7330: result: ranlib
configure:7432: checking command to parse /usr/bin/nm output from gcc object
configure:7552: gcc -c -g -O2  conftest.c >&5
configure:7555: $? = 0
configure:7559: /usr/bin/nm conftest.o \| sed -n -e 's/^.*[ ]\([BCDEGRST][BCDEGRST]*\)[ ][ ]*\([_A-Za-z][_A-Za-z0-9]*\)$/\1 \2 \2/p' | sed '/ __gnu_lto/d' \> conftest.nm
configure:7562: $? = 0
cannot find nm_test_var in conftest.nm
configure:7552: gcc -c -g -O2  conftest.c >&5
configure:7555: $? = 0
configure:7559: /usr/bin/nm conftest.o \| sed -n -e 's/^.*[ ]\([BCDEGRST][BCDEGRST]*\)[ ][ ]*_\([_A-Za-z][_A-Za-z0-9]*\)$/\1 _\2 \2/p' | sed '/ __gnu_lto/d' \> conftest.nm
configure:7562: $? = 0
configure:7628: gcc -o conftest -g -O2   conftest.c conftstm.o >&5
configure:7631: $? = 0
configure:7669: result: ok
configure:7706: checking for sysroot
configure:7736: result: no
configure:7992: checking for mt
configure:8022: result: no
configure:8042: checking if : is a manifest tool
configure:8048: : '-?'
configure:8056: result: no
configure:8112: checking for dsymutil
configure:8128: found /usr/bin/dsymutil
configure:8139: result: dsymutil
configure:8204: checking for nmedit
configure:8220: found /usr/bin/nmedit
configure:8231: result: nmedit
configure:8296: checking for lipo
configure:8312: found /usr/bin/lipo
configure:8323: result: lipo
configure:8388: checking for otool
configure:8404: found /usr/bin/otool
configure:8415: result: otool
configure:8480: checking for otool64
configure:8510: result: no
configure:8555: checking for -single_module linker flag
gcc -g -O2  -o libconftest.dylib -dynamiclib -Wl,-single_module conftest.c
configure:8588: result: yes
configure:8591: checking for -exported_symbols_list linker flag
configure:8611: gcc -o conftest -g -O2   -Wl,-exported_symbols_list,conftest.sym conftest.c  >&5
configure:8611: $? = 0
configure:8621: result: yes
configure:8624: checking for -force_load linker flag
gcc -g -O2 -c -o conftest.o conftest.c
ar cru libconftest.a conftest.o
ranlib libconftest.a
gcc -g -O2  -o conftest conftest.c -Wl,-force_load,./libconftest.a
configure:8656: result: yes
configure:8695: checking for dlfcn.h
configure:8695: gcc -c -g -O2  conftest.c >&5
configure:8695: $? = 0
configure:8695: result: yes
configure:8901: checking for objdir
configure:8916: result: .libs
configure:9183: checking if gcc supports -fno-rtti -fno-exceptions
configure:9201: gcc -c -g -O2  -fno-rtti -fno-exceptions conftest.c >&5
configure:9205: $? = 0
configure:9218: result: yes
configure:9545: checking for gcc option to produce PIC
configure:9552: result: -fno-common -DPIC
configure:9560: checking if gcc PIC flag -fno-common -DPIC works
configure:9578: gcc -c -g -O2  -fno-common -DPIC -DPIC conftest.c >&5
configure:9582: $? = 0
configure:9595: result: yes
configure:9624: checking if gcc static flag -static works
configure:9652: result: no
configure:9667: checking if gcc supports -c -o file.o
configure:9688: gcc -c -g -O2  -o out/conftest2.o conftest.c >&5
configure:9692: $? = 0
configure:9714: result: yes
configure:9722: checking if gcc supports -c -o file.o
configure:9769: result: yes
configure:9802: checking whether the gcc linker (/Applications/Xcode.app/Contents/Developer/Toolchains/XcodeDefault.xctoolchain/usr/bin/ld) supports shared libraries
configure:10955: result: yes
configure:11195: checking dynamic linker characteristics
configure:11928: result: darwin13.0.0 dyld
configure:12035: checking how to hardcode library paths into programs
configure:12060: result: immediate
configure:12600: checking whether stripping libraries is possible
configure:12614: result: yes
configure:12640: checking if libtool supports shared libraries
configure:12642: result: yes
configure:12645: checking whether to build shared libraries
configure:12666: result: yes
configure:12669: checking whether to build static libraries
configure:12673: result: yes
configure:12711: checking whether ln -s works
configure:12715: result: yes
configure:12722: checking whether make sets $(MAKE)
configure:12744: result: yes
configure:12755: checking for an ANSI C-conforming const
configure:12821: gcc -c -g -O2  conftest.c >&5
configure:12821: $? = 0
configure:12828: result: yes
configure:12837: checking for thread local storage (TLS) class
configure:12864: gcc -c -g -O2  conftest.c >&5
configure:12864: $? = 0
configure:12884: result: __thread
configure:12903: checking for ANSI C header files
configure:13007: result: yes
configure:13017: checking for unistd.h
configure:13017: result: yes
configure:13027: checking whether sys/types.h defines makedev
configure:13043: gcc -o conftest -g -O2   conftest.c  >&5
configure:13043: $? = 0
configure:13052: result: yes
configure:13077: checking for major_t
configure:13077: gcc -c -g -O2  conftest.c >&5
conftest.c:49:13: error: use of undeclared identifier 'major_t'
if (sizeof (major_t))
            ^
1 error generated.
configure:13077: $? = 1
configure: failed program was:
| /* confdefs.h */
| #define PACKAGE_NAME "libtar"
| #define PACKAGE_TARNAME "libtar"
| #define PACKAGE_VERSION "1.2.20"
| #define PACKAGE_STRING "libtar 1.2.20"
| #define PACKAGE_BUGREPORT ""
| #define PACKAGE_URL ""
| #define PACKAGE "libtar"
| #define VERSION "1.2.20"
| #define NEED_STRLCPY 1
| #define HAVE_STRLCPY 1
| #define NEED_STRSEP 1
| #define HAVE_STRSEP 1
| #define STDC_HEADERS 1
| #define HAVE_SYS_TYPES_H 1
| #define HAVE_SYS_STAT_H 1
| #define HAVE_STDLIB_H 1
| #define HAVE_STRING_H 1
| #define HAVE_MEMORY_H 1
| #define HAVE_STRINGS_H 1
| #define HAVE_INTTYPES_H 1
| #define HAVE_STDINT_H 1
| #define HAVE_UNISTD_H 1
| #define __EXTENSIONS__ 1
| #define _ALL_SOURCE 1
| #define _GNU_SOURCE 1
| #define _POSIX_PTHREAD_SEMANTICS 1
| #define _TANDEM_SOURCE 1
| #define HAVE_DLFCN_H 1
| #define LT_OBJDIR ".libs/"
| #define TLS __thread
| #define STDC_HEADERS 1
| #define HAVE_UNISTD_H 1
| /* end confdefs.h.  */
| #include <sys/types.h>
|   #ifdef MAJOR_IN_MKDEV
|   # include <sys/mkdev.h>
|   #else
|   # ifdef MAJOR_IN_SYSMACROS
|   #  include <sys/sysmacros.h>
|   # endif
|   #endif
| 
| 
| 
| int
| main ()
| {
| if (sizeof (major_t))
| 	 return 0;
|   ;
|   return 0;
| }
configure:13077: result: no
configure:13102: checking for minor_t
configure:13102: gcc -c -g -O2  conftest.c >&5
conftest.c:50:13: error: use of undeclared identifier 'minor_t'; did you mean 'ino_t'?
if (sizeof (minor_t))
            ^
1 error generated.
configure:13102: $? = 1
configure: failed program was:
| /* confdefs.h */
| #define PACKAGE_NAME "libtar"
| #define PACKAGE_TARNAME "libtar"
| #define PACKAGE_VERSION "1.2.20"
| #define PACKAGE_STRING "libtar 1.2.20"
| #define PACKAGE_BUGREPORT ""
| #define PACKAGE_URL ""
| #define PACKAGE "libtar"
| #define VERSION "1.2.20"
| #define NEED_STRLCPY 1
| #define HAVE_STRLCPY 1
| #define NEED_STRSEP 1
| #define HAVE_STRSEP 1
| #define STDC_HEADERS 1
| #define HAVE_SYS_TYPES_H 1
| #define HAVE_SYS_STAT_H 1
| #define HAVE_STDLIB_H 1
| #define HAVE_STRING_H 1
| #define HAVE_MEMORY_H 1
| #define HAVE_STRINGS_H 1
| #define HAVE_INTTYPES_H 1
| #define HAVE_STDINT_H 1
| #define HAVE_UNISTD_H 1
| #define __EXTENSIONS__ 1
| #define _ALL_SOURCE 1
| #define _GNU_SOURCE 1
| #define _POSIX_PTHREAD_SEMANTICS 1
| #define _TANDEM_SOURCE 1
| #define HAVE_DLFCN_H 1
| #define LT_OBJDIR ".libs/"
| #define TLS __thread
| #define STDC_HEADERS 1
| #define HAVE_UNISTD_H 1
| #define major_t unsigned int
| /* end confdefs.h.  */
| #include <sys/types.h>
|   #ifdef MAJOR_IN_MKDEV
|   # include <sys/mkdev.h>
|   #else
|   # ifdef MAJOR_IN_SYSMACROS
|   #  include <sys/sysmacros.h>
|   # endif
|   #endif
| 
| 
| 
| int
| main ()
| {
| if (sizeof (minor_t))
| 	 return 0;
|   ;
|   return 0;
| }
configure:13102: result: no
configure:13127: checking for dev_t
configure:13127: gcc -c -g -O2  conftest.c >&5
configure:13127: $? = 0
configure:13127: gcc -c -g -O2  conftest.c >&5
conftest.c:51:20: error: expected expression
if (sizeof ((dev_t)))
                   ^
1 error generated.
configure:13127: $? = 1
configure: failed program was:
| /* confdefs.h */
| #define PACKAGE_NAME "libtar"
| #define PACKAGE_TARNAME "libtar"
| #define PACKAGE_VERSION "1.2.20"
| #define PACKAGE_STRING "libtar 1.2.20"
| #define PACKAGE_BUGREPORT ""
| #define PACKAGE_URL ""
| #define PACKAGE "libtar"
| #define VERSION "1.2.20"
| #define NEED_STRLCPY 1
| #define HAVE_STRLCPY 1
| #define NEED_STRSEP 1
| #define HAVE_STRSEP 1
| #define STDC_HEADERS 1
| #define HAVE_SYS_TYPES_H 1
| #define HAVE_SYS_STAT_H 1
| #define HAVE_STDLIB_H 1
| #define HAVE_STRING_H 1
| #define HAVE_MEMORY_H 1
| #define HAVE_STRINGS_H 1
| #define HAVE_INTTYPES_H 1
| #define HAVE_STDINT_H 1
| #define HAVE_UNISTD_H 1
| #define __EXTENSIONS__ 1
| #define _ALL_SOURCE 1
| #define _GNU_SOURCE 1
| #define _POSIX_PTHREAD_SEMANTICS 1
| #define _TANDEM_SOURCE 1
| #define HAVE_DLFCN_H 1
| #define LT_OBJDIR ".libs/"
| #define TLS __thread
| #define STDC_HEADERS 1
| #define HAVE_UNISTD_H 1
| #define major_t unsigned int
| #define minor_t unsigned int
| /* end confdefs.h.  */
| #include <sys/types.h>
|   #ifdef MAJOR_IN_MKDEV
|   # include <sys/mkdev.h>
|   #else
|   # ifdef MAJOR_IN_SYSMACROS
|   #  include <sys/sysmacros.h>
|   # endif
|   #endif
| 
| 
| 
| int
| main ()
| {
| if (sizeof ((dev_t)))
| 	    return 0;
|   ;
|   return 0;
| }
configure:13127: result: yes
configure:13152: checking for socklen_t
configure:13152: gcc -c -g -O2  conftest.c >&5
configure:13152: $? = 0
configure:13152: gcc -c -g -O2  conftest.c >&5
conftest.c:46:24: error: expected expression
if (sizeof ((socklen_t)))
                       ^
1 error generated.
configure:13152: $? = 1
configure: failed program was:
| /* confdefs.h */
| #define PACKAGE_NAME "libtar"
| #define PACKAGE_TARNAME "libtar"
| #define PACKAGE_VERSION "1.2.20"
| #define PACKAGE_STRING "libtar 1.2.20"
| #define PACKAGE_BUGREPORT ""
| #define PACKAGE_URL ""
| #define PACKAGE "libtar"
| #define VERSION "1.2.20"
| #define NEED_STRLCPY 1
| #define HAVE_STRLCPY 1
| #define NEED_STRSEP 1
| #define HAVE_STRSEP 1
| #define STDC_HEADERS 1
| #define HAVE_SYS_TYPES_H 1
| #define HAVE_SYS_STAT_H 1
| #define HAVE_STDLIB_H 1
| #define HAVE_STRING_H 1
| #define HAVE_MEMORY_H 1
| #define HAVE_STRINGS_H 1
| #define HAVE_INTTYPES_H 1
| #define HAVE_STDINT_H 1
| #define HAVE_UNISTD_H 1
| #define __EXTENSIONS__ 1
| #define _ALL_SOURCE 1
| #define _GNU_SOURCE 1
| #define _POSIX_PTHREAD_SEMANTICS 1
| #define _TANDEM_SOURCE 1
| #define HAVE_DLFCN_H 1
| #define LT_OBJDIR ".libs/"
| #define TLS __thread
| #define STDC_HEADERS 1
| #define HAVE_UNISTD_H 1
| #define major_t unsigned int
| #define minor_t unsigned int
| #define HAVE_DEV_T 1
| /* end confdefs.h.  */
| #include <sys/types.h>
|   #include <sys/socket.h>
| 
| 
| 
| int
| main ()
| {
| if (sizeof ((socklen_t)))
| 	    return 0;
|   ;
|   return 0;
| }
configure:13152: result: yes
configure:13171: checking for uint64_t
configure:13171: gcc -c -g -O2  conftest.c >&5
configure:13171: $? = 0
configure:13171: gcc -c -g -O2  conftest.c >&5
conftest.c:75:23: error: expected expression
if (sizeof ((uint64_t)))
                      ^
1 error generated.
configure:13171: $? = 1
configure: failed program was:
| /* confdefs.h */
| #define PACKAGE_NAME "libtar"
| #define PACKAGE_TARNAME "libtar"
| #define PACKAGE_VERSION "1.2.20"
| #define PACKAGE_STRING "libtar 1.2.20"
| #define PACKAGE_BUGREPORT ""
| #define PACKAGE_URL ""
| #define PACKAGE "libtar"
| #define VERSION "1.2.20"
| #define NEED_STRLCPY 1
| #define HAVE_STRLCPY 1
| #define NEED_STRSEP 1
| #define HAVE_STRSEP 1
| #define STDC_HEADERS 1
| #define HAVE_SYS_TYPES_H 1
| #define HAVE_SYS_STAT_H 1
| #define HAVE_STDLIB_H 1
| #define HAVE_STRING_H 1
| #define HAVE_MEMORY_H 1
| #define HAVE_STRINGS_H 1
| #define HAVE_INTTYPES_H 1
| #define HAVE_STDINT_H 1
| #define HAVE_UNISTD_H 1
| #define __EXTENSIONS__ 1
| #define _ALL_SOURCE 1
| #define _GNU_SOURCE 1
| #define _POSIX_PTHREAD_SEMANTICS 1
| #define _TANDEM_SOURCE 1
| #define HAVE_DLFCN_H 1
| #define LT_OBJDIR ".libs/"
| #define TLS __thread
| #define STDC_HEADERS 1
| #define HAVE_UNISTD_H 1
| #define major_t unsigned int
| #define minor_t unsigned int
| #define HAVE_DEV_T 1
| #define HAVE_SOCKLEN_T 1
| /* end confdefs.h.  */
| #include <stdio.h>
| #ifdef HAVE_SYS_TYPES_H
| # include <sys/types.h>
| #endif
| #ifdef HAVE_SYS_STAT_H
| # include <sys/stat.h>
| #endif
| #ifdef STDC_HEADERS
| # include <stdlib.h>
| # include <stddef.h>
| #else
| # ifdef HAVE_STDLIB_H
| #  include <stdlib.h>
| # endif
| #endif
| #ifdef HAVE_STRING_H
| # if !defined STDC_HEADERS && defined HAVE_MEMORY_H
| #  include <memory.h>
| # endif
| # include <string.h>
| #endif
| #ifdef HAVE_STRINGS_H
| # include <strings.h>
| #endif
| #ifdef HAVE_INTTYPES_H
| # include <inttypes.h>
| #endif
| #ifdef HAVE_STDINT_H
| # include <stdint.h>
| #endif
| #ifdef HAVE_UNISTD_H
| # include <unistd.h>
| #endif
| int
| main ()
| {
| if (sizeof ((uint64_t)))
| 	    return 0;
|   ;
|   return 0;
| }
configure:13171: result: yes
configure:13186: checking for mode_t
configure:13186: gcc -c -g -O2  conftest.c >&5
configure:13186: $? = 0
configure:13186: gcc -c -g -O2  conftest.c >&5
conftest.c:76:21: error: expected expression
if (sizeof ((mode_t)))
                    ^
1 error generated.
configure:13186: $? = 1
configure: failed program was:
| /* confdefs.h */
| #define PACKAGE_NAME "libtar"
| #define PACKAGE_TARNAME "libtar"
| #define PACKAGE_VERSION "1.2.20"
| #define PACKAGE_STRING "libtar 1.2.20"
| #define PACKAGE_BUGREPORT ""
| #define PACKAGE_URL ""
| #define PACKAGE "libtar"
| #define VERSION "1.2.20"
| #define NEED_STRLCPY 1
| #define HAVE_STRLCPY 1
| #define NEED_STRSEP 1
| #define HAVE_STRSEP 1
| #define STDC_HEADERS 1
| #define HAVE_SYS_TYPES_H 1
| #define HAVE_SYS_STAT_H 1
| #define HAVE_STDLIB_H 1
| #define HAVE_STRING_H 1
| #define HAVE_MEMORY_H 1
| #define HAVE_STRINGS_H 1
| #define HAVE_INTTYPES_H 1
| #define HAVE_STDINT_H 1
| #define HAVE_UNISTD_H 1
| #define __EXTENSIONS__ 1
| #define _ALL_SOURCE 1
| #define _GNU_SOURCE 1
| #define _POSIX_PTHREAD_SEMANTICS 1
| #define _TANDEM_SOURCE 1
| #define HAVE_DLFCN_H 1
| #define LT_OBJDIR ".libs/"
| #define TLS __thread
| #define STDC_HEADERS 1
| #define HAVE_UNISTD_H 1
| #define major_t unsigned int
| #define minor_t unsigned int
| #define HAVE_DEV_T 1
| #define HAVE_SOCKLEN_T 1
| #define HAVE_UINT64_T 1
| /* end confdefs.h.  */
| #include <stdio.h>
| #ifdef HAVE_SYS_TYPES_H
| # include <sys/types.h>
| #endif
| #ifdef HAVE_SYS_STAT_H
| # include <sys/stat.h>
| #endif
| #ifdef STDC_HEADERS
| # include <stdlib.h>
| # include <stddef.h>
| #else
| # ifdef HAVE_STDLIB_H
| #  include <stdlib.h>
| # endif
| #endif
| #ifdef HAVE_STRING_H
| # if !defined STDC_HEADERS && defined HAVE_MEMORY_H
| #  include <memory.h>
| # endif
| # include <string.h>
| #endif
| #ifdef HAVE_STRINGS_H
| # include <strings.h>
| #endif
| #ifdef HAVE_INTTYPES_H
| # include <inttypes.h>
| #endif
| #ifdef HAVE_STDINT_H
| # include <stdint.h>
| #endif
| #ifdef HAVE_UNISTD_H
| # include <unistd.h>
| #endif
| int
| main ()
| {
| if (sizeof ((mode_t)))
| 	    return 0;
|   ;
|   return 0;
| }
configure:13186: result: yes
configure:13197: checking for off_t
configure:13197: gcc -c -g -O2  conftest.c >&5
configure:13197: $? = 0
configure:13197: gcc -c -g -O2  conftest.c >&5
conftest.c:76:20: error: expected expression
if (sizeof ((off_t)))
                   ^
1 error generated.
configure:13197: $? = 1
configure: failed program was:
| /* confdefs.h */
| #define PACKAGE_NAME "libtar"
| #define PACKAGE_TARNAME "libtar"
| #define PACKAGE_VERSION "1.2.20"
| #define PACKAGE_STRING "libtar 1.2.20"
| #define PACKAGE_BUGREPORT ""
| #define PACKAGE_URL ""
| #define PACKAGE "libtar"
| #define VERSION "1.2.20"
| #define NEED_STRLCPY 1
| #define HAVE_STRLCPY 1
| #define NEED_STRSEP 1
| #define HAVE_STRSEP 1
| #define STDC_HEADERS 1
| #define HAVE_SYS_TYPES_H 1
| #define HAVE_SYS_STAT_H 1
| #define HAVE_STDLIB_H 1
| #define HAVE_STRING_H 1
| #define HAVE_MEMORY_H 1
| #define HAVE_STRINGS_H 1
| #define HAVE_INTTYPES_H 1
| #define HAVE_STDINT_H 1
| #define HAVE_UNISTD_H 1
| #define __EXTENSIONS__ 1
| #define _ALL_SOURCE 1
| #define _GNU_SOURCE 1
| #define _POSIX_PTHREAD_SEMANTICS 1
| #define _TANDEM_SOURCE 1
| #define HAVE_DLFCN_H 1
| #define LT_OBJDIR ".libs/"
| #define TLS __thread
| #define STDC_HEADERS 1
| #define HAVE_UNISTD_H 1
| #define major_t unsigned int
| #define minor_t unsigned int
| #define HAVE_DEV_T 1
| #define HAVE_SOCKLEN_T 1
| #define HAVE_UINT64_T 1
| /* end confdefs.h.  */
| #include <stdio.h>
| #ifdef HAVE_SYS_TYPES_H
| # include <sys/types.h>
| #endif
| #ifdef HAVE_SYS_STAT_H
| # include <sys/stat.h>
| #endif
| #ifdef STDC_HEADERS
| # include <stdlib.h>
| # include <stddef.h>
| #else
| # ifdef HAVE_STDLIB_H
| #  include <stdlib.h>
| # endif
| #endif
| #ifdef HAVE_STRING_H
| # if !defined STDC_HEADERS && defined HAVE_MEMORY_H
| #  include <memory.h>
| # endif
| # include <string.h>
| #endif
| #ifdef HAVE_STRINGS_H
| # include <strings.h>
| #endif
| #ifdef HAVE_INTTYPES_H
| # include <inttypes.h>
| #endif
| #ifdef HAVE_STDINT_H
| # include <stdint.h>
| #endif
| #ifdef HAVE_UNISTD_H
| # include <unistd.h>
| #endif
| int
| main ()
| {
| if (sizeof ((off_t)))
| 	    return 0;
|   ;
|   return 0;
| }
configure:13197: result: yes
configure:13208: checking for size_t
configure:13208: gcc -c -g -O2  conftest.c >&5
configure:13208: $? = 0
configure:13208: gcc -c -g -O2  conftest.c >&5
conftest.c:76:21: error: expected expression
if (sizeof ((size_t)))
                    ^
1 error generated.
configure:13208: $? = 1
configure: failed program was:
| /* confdefs.h */
| #define PACKAGE_NAME "libtar"
| #define PACKAGE_TARNAME "libtar"
| #define PACKAGE_VERSION "1.2.20"
| #define PACKAGE_STRING "libtar 1.2.20"
| #define PACKAGE_BUGREPORT ""
| #define PACKAGE_URL ""
| #define PACKAGE "libtar"
| #define VERSION "1.2.20"
| #define NEED_STRLCPY 1
| #define HAVE_STRLCPY 1
| #define NEED_STRSEP 1
| #define HAVE_STRSEP 1
| #define STDC_HEADERS 1
| #define HAVE_SYS_TYPES_H 1
| #define HAVE_SYS_STAT_H 1
| #define HAVE_STDLIB_H 1
| #define HAVE_STRING_H 1
| #define HAVE_MEMORY_H 1
| #define HAVE_STRINGS_H 1
| #define HAVE_INTTYPES_H 1
| #define HAVE_STDINT_H 1
| #define HAVE_UNISTD_H 1
| #define __EXTENSIONS__ 1
| #define _ALL_SOURCE 1
| #define _GNU_SOURCE 1
| #define _POSIX_PTHREAD_SEMANTICS 1
| #define _TANDEM_SOURCE 1
| #define HAVE_DLFCN_H 1
| #define LT_OBJDIR ".libs/"
| #define TLS __thread
| #define STDC_HEADERS 1
| #define HAVE_UNISTD_H 1
| #define major_t unsigned int
| #define minor_t unsigned int
| #define HAVE_DEV_T 1
| #define HAVE_SOCKLEN_T 1
| #define HAVE_UINT64_T 1
| /* end confdefs.h.  */
| #include <stdio.h>
| #ifdef HAVE_SYS_TYPES_H
| # include <sys/types.h>
| #endif
| #ifdef HAVE_SYS_STAT_H
| # include <sys/stat.h>
| #endif
| #ifdef STDC_HEADERS
| # include <stdlib.h>
| # include <stddef.h>
| #else
| # ifdef HAVE_STDLIB_H
| #  include <stdlib.h>
| # endif
| #endif
| #ifdef HAVE_STRING_H
| # if !defined STDC_HEADERS && defined HAVE_MEMORY_H
| #  include <memory.h>
| # endif
| # include <string.h>
| #endif
| #ifdef HAVE_STRINGS_H
| # include <strings.h>
| #endif
| #ifdef HAVE_INTTYPES_H
| # include <inttypes.h>
| #endif
| #ifdef HAVE_STDINT_H
| # include <stdint.h>
| #endif
| #ifdef HAVE_UNISTD_H
| # include <unistd.h>
| #endif
| int
| main ()
| {
| if (sizeof ((size_t)))
| 	    return 0;
|   ;
|   return 0;
| }
configure:13208: result: yes
configure:13219: checking for uid_t in sys/types.h
configure:13238: result: yes
configure:13249: checking for nlink_t
configure:13249: gcc -c -g -O2  conftest.c >&5
configure:13249: $? = 0
configure:13249: gcc -c -g -O2  conftest.c >&5
conftest.c:76:22: error: expected expression
if (sizeof ((nlink_t)))
                     ^
1 error generated.
configure:13249: $? = 1
configure: failed program was:
| /* confdefs.h */
| #define PACKAGE_NAME "libtar"
| #define PACKAGE_TARNAME "libtar"
| #define PACKAGE_VERSION "1.2.20"
| #define PACKAGE_STRING "libtar 1.2.20"
| #define PACKAGE_BUGREPORT ""
| #define PACKAGE_URL ""
| #define PACKAGE "libtar"
| #define VERSION "1.2.20"
| #define NEED_STRLCPY 1
| #define HAVE_STRLCPY 1
| #define NEED_STRSEP 1
| #define HAVE_STRSEP 1
| #define STDC_HEADERS 1
| #define HAVE_SYS_TYPES_H 1
| #define HAVE_SYS_STAT_H 1
| #define HAVE_STDLIB_H 1
| #define HAVE_STRING_H 1
| #define HAVE_MEMORY_H 1
| #define HAVE_STRINGS_H 1
| #define HAVE_INTTYPES_H 1
| #define HAVE_STDINT_H 1
| #define HAVE_UNISTD_H 1
| #define __EXTENSIONS__ 1
| #define _ALL_SOURCE 1
| #define _GNU_SOURCE 1
| #define _POSIX_PTHREAD_SEMANTICS 1
| #define _TANDEM_SOURCE 1
| #define HAVE_DLFCN_H 1
| #define LT_OBJDIR ".libs/"
| #define TLS __thread
| #define STDC_HEADERS 1
| #define HAVE_UNISTD_H 1
| #define major_t unsigned int
| #define minor_t unsigned int
| #define HAVE_DEV_T 1
| #define HAVE_SOCKLEN_T 1
| #define HAVE_UINT64_T 1
| /* end confdefs.h.  */
| #include <stdio.h>
| #ifdef HAVE_SYS_TYPES_H
| # include <sys/types.h>
| #endif
| #ifdef HAVE_SYS_STAT_H
| # include <sys/stat.h>
| #endif
| #ifdef STDC_HEADERS
| # include <stdlib.h>
| # include <stddef.h>
| #else
| # ifdef HAVE_STDLIB_H
| #  include <stdlib.h>
| # endif
| #endif
| #ifdef HAVE_STRING_H
| # if !defined STDC_HEADERS && defined HAVE_MEMORY_H
| #  include <memory.h>
| # endif
| # include <string.h>
| #endif
| #ifdef HAVE_STRINGS_H
| # include <strings.h>
| #endif
| #ifdef HAVE_INTTYPES_H
| # include <inttypes.h>
| #endif
| #ifdef HAVE_STDINT_H
| # include <stdint.h>
| #endif
| #ifdef HAVE_UNISTD_H
| # include <unistd.h>
| #endif
| int
| main ()
| {
| if (sizeof ((nlink_t)))
| 	    return 0;
|   ;
|   return 0;
| }
configure:13249: result: yes
configure:13272: checking libgen.h usability
configure:13272: gcc -c -g -O2  conftest.c >&5
configure:13272: $? = 0
configure:13272: result: yes
configure:13272: checking libgen.h presence
configure:13272: gcc -E  conftest.c
configure:13272: $? = 0
configure:13272: result: yes
configure:13272: checking for libgen.h
configure:13272: result: yes
configure:13282: checking for working basename
configure:13325: gcc -o conftest -g -O2   conftest.c  >&5
conftest.c:65:5: warning: implicitly declaring library function 'strcpy' with type 'char *(char *, const char *)'
    strcpy(test1, tests[i].test);
    ^
conftest.c:65:5: note: please include the header <string.h> or explicitly provide a declaration for 'strcpy'
conftest.c:66:9: warning: implicitly declaring library function 'strcmp' with type 'int (const char *, const char *)'
    if (strcmp(basename(test1), tests[i].result) ||
        ^
conftest.c:66:9: note: please include the header <string.h> or explicitly provide a declaration for 'strcmp'
conftest.c:68:7: warning: implicitly declaring library function 'exit' with type 'void (int) __attribute__((noreturn))'
      exit(1);
      ^
conftest.c:68:7: note: please include the header <stdlib.h> or explicitly provide a declaration for 'exit'
3 warnings generated.
configure:13325: $? = 0
configure:13325: ./conftest
configure:13325: $? = 0
configure:13336: result: yes
configure:13357: checking for libgen.h
configure:13357: result: yes
configure:13367: checking for working dirname
configure:13413: gcc -o conftest -g -O2   conftest.c  >&5
conftest.c:71:5: warning: implicitly declaring library function 'strcpy' with type 'char *(char *, const char *)'
    strcpy(test1, tests[i].test);
    ^
conftest.c:71:5: note: please include the header <string.h> or explicitly provide a declaration for 'strcpy'
conftest.c:72:9: warning: implicitly declaring library function 'strcmp' with type 'int (const char *, const char *)'
    if (strcmp(dirname(test1), tests[i].result) ||
        ^
conftest.c:72:9: note: please include the header <string.h> or explicitly provide a declaration for 'strcmp'
conftest.c:74:7: warning: implicitly declaring library function 'exit' with type 'void (int) __attribute__((noreturn))'
      exit(1);
      ^
conftest.c:74:7: note: please include the header <stdlib.h> or explicitly provide a declaration for 'exit'
3 warnings generated.
configure:13413: $? = 0
configure:13413: ./conftest
configure:13413: $? = 0
configure:13424: result: yes
configure:13445: checking fnmatch.h usability
configure:13445: gcc -c -g -O2  conftest.c >&5
configure:13445: $? = 0
configure:13445: result: yes
configure:13445: checking fnmatch.h presence
configure:13445: gcc -E  conftest.c
configure:13445: $? = 0
configure:13445: result: yes
configure:13445: checking for fnmatch.h
configure:13445: result: yes
configure:13456: checking for working POSIX fnmatch
configure:13489: gcc -o conftest -g -O2   conftest.c  >&5
configure:13489: $? = 0
configure:13489: ./conftest
configure:13489: $? = 0
configure:13499: result: yes
configure:13532: checking for lchown
configure:13532: gcc -o conftest -g -O2   conftest.c  >&5
configure:13532: $? = 0
configure:13532: result: yes
configure:13546: checking whether makedev expects three arguments
configure:13582: gcc -c -g -O2  conftest.c >&5
conftest.c:71:23: error: too many arguments provided to function-like macro invocation
dev = makedev(0, maj, min);
                      ^
/Applications/Xcode.app/Contents/Developer/Platforms/MacOSX.platform/Developer/SDKs/MacOSX10.9.sdk/usr/include/sys/types.h:156:9: note: macro 'makedev' defined here
#define makedev(x,y)    ((dev_t)(((x) << 24) | (y)))
        ^
conftest.c:71:7: error: use of undeclared identifier 'makedev'
dev = makedev(0, maj, min);
      ^
conftest.c:74:3: warning: implicitly declaring library function 'exit' with type 'void (int) __attribute__((noreturn))'
  exit(1);
  ^
conftest.c:74:3: note: please include the header <stdlib.h> or explicitly provide a declaration for 'exit'
1 warning and 2 errors generated.
configure:13582: $? = 1
configure: failed program was:
| /* confdefs.h */
| #define PACKAGE_NAME "libtar"
| #define PACKAGE_TARNAME "libtar"
| #define PACKAGE_VERSION "1.2.20"
| #define PACKAGE_STRING "libtar 1.2.20"
| #define PACKAGE_BUGREPORT ""
| #define PACKAGE_URL ""
| #define PACKAGE "libtar"
| #define VERSION "1.2.20"
| #define NEED_STRLCPY 1
| #define HAVE_STRLCPY 1
| #define NEED_STRSEP 1
| #define HAVE_STRSEP 1
| #define STDC_HEADERS 1
| #define HAVE_SYS_TYPES_H 1
| #define HAVE_SYS_STAT_H 1
| #define HAVE_STDLIB_H 1
| #define HAVE_STRING_H 1
| #define HAVE_MEMORY_H 1
| #define HAVE_STRINGS_H 1
| #define HAVE_INTTYPES_H 1
| #define HAVE_STDINT_H 1
| #define HAVE_UNISTD_H 1
| #define __EXTENSIONS__ 1
| #define _ALL_SOURCE 1
| #define _GNU_SOURCE 1
| #define _POSIX_PTHREAD_SEMANTICS 1
| #define _TANDEM_SOURCE 1
| #define HAVE_DLFCN_H 1
| #define LT_OBJDIR ".libs/"
| #define TLS __thread
| #define STDC_HEADERS 1
| #define HAVE_UNISTD_H 1
| #define major_t unsigned int
| #define minor_t unsigned int
| #define HAVE_DEV_T 1
| #define HAVE_SOCKLEN_T 1
| #define HAVE_UINT64_T 1
| #define HAVE_NLINK_T 1
| #define NEED_BASENAME 1
| #define HAVE_LIBGEN_H 1
| #define HAVE_BASENAME 1
| #define NEED_DIRNAME 1
| #define HAVE_LIBGEN_H 1
| #define HAVE_DIRNAME 1
| #define NEED_FNMATCH 1
| #define HAVE_FNMATCH_H 1
| #define HAVE_FNMATCH 1
| #define HAVE_LCHOWN 1
| #define NEED_MAKEDEV 1
| /* end confdefs.h.  */
| 
| 
| #include <sys/types.h>
| #ifdef MAJOR_IN_MKDEV
| # include <sys/mkdev.h>
| #else
| # ifdef MAJOR_IN_SYSMACROS
| #  include <sys/sysmacros.h>
| # endif
| #endif
| 
| int
| main ()
| {
| 
| dev_t dev;
| major_t maj = 5;
| minor_t min = 7;
| 
| dev = makedev(0, maj, min);
| if (major(dev) != maj
|     || minor(dev) != min)
|   exit(1);
| exit(0);
| 
|   ;
|   return 0;
| }
configure:13591: result: no
configure:13603: checking for working snprintf
configure:13649: gcc -o conftest -g -O2   conftest.c  >&5
conftest.c:77:5: warning: implicitly declaring library function 'memset' with type 'void *(void *, int, unsigned long)'
    memset(test1, 'X', sizeof(test1));
    ^
conftest.c:77:5: note: please include the header <string.h> or explicitly provide a declaration for 'memset'
conftest.c:80:29: warning: implicitly declaring library function 'strcmp' with type 'int (const char *, const char *)'
        (tests[i].result && strcmp(tests[i].result, test1)))
                            ^
conftest.c:80:29: note: please include the header <string.h> or explicitly provide a declaration for 'strcmp'
conftest.c:81:7: warning: implicitly declaring library function 'exit' with type 'void (int) __attribute__((noreturn))'
      exit(1);
      ^
conftest.c:81:7: note: please include the header <stdlib.h> or explicitly provide a declaration for 'exit'
3 warnings generated.
configure:13649: $? = 0
configure:13649: ./conftest
configure:13649: $? = 0
configure:13660: result: yes
configure:13680: checking for strdup
configure:13680: gcc -o conftest -g -O2   conftest.c  >&5
conftest.c:78:6: warning: incompatible redeclaration of library function 'strdup' [-Wincompatible-library-redeclaration]
char strdup ();
     ^
conftest.c:78:6: note: 'strdup' is a builtin with type 'char *(const char *)'
1 warning generated.
configure:13680: $? = 0
configure:13680: result: yes
configure:13699: checking for strftime
configure:13699: gcc -o conftest -g -O2   conftest.c  >&5
configure:13699: $? = 0
configure:13699: result: yes
configure:13757: checking for strlcpy
configure:13757: result: yes
configure:13779: checking for strmode
configure:13779: gcc -o conftest -g -O2   conftest.c  >&5
configure:13779: $? = 0
configure:13779: result: yes
configure:13801: checking for strsep
configure:13801: result: yes
configure:13829: checking for gzread in -lz
configure:13854: gcc -o conftest -g -O2   conftest.c -lz   >&5
configure:13854: $? = 0
configure:13863: result: yes
configure:13988: checking that generated files are newer than configure
configure:13994: result: done
configure:14021: creating ./config.status

## ---------------------- ##
## Running config.status. ##
## ---------------------- ##

This file was extended by libtar config.status 1.2.20, which was
generated by GNU Autoconf 2.69.  Invocation command line was

  CONFIG_FILES    = 
  CONFIG_HEADERS  = 
  CONFIG_LINKS    = 
  CONFIG_COMMANDS = 
  $ ./config.status 

on lain.olin.edu

config.status:1134: creating listhash/libtar_listhash.h
config.status:1134: creating listhash/libtar_list.c
config.status:1134: creating listhash/libtar_hash.c
config.status:1134: creating listhash/libtar_list_new.3
config.status:1134: creating listhash/libtar_hash_new.3
config.status:1134: creating Makefile
config.status:1134: creating lib/Makefile
config.status:1134: creating libtar/Makefile
config.status:1134: creating doc/Makefile
config.status:1134: creating config.h
config.status:1363: executing depfiles commands
config.status:1363: executing libtool commands

## ---------------- ##
## Cache variables. ##
## ---------------- ##

ac_cv_build=x86_64-apple-darwin13.0.0
ac_cv_c_compiler_gnu=yes
ac_cv_c_const=yes
ac_cv_env_CC_set=
ac_cv_env_CC_value=
ac_cv_env_CFLAGS_set=
ac_cv_env_CFLAGS_value=
ac_cv_env_CPPFLAGS_set=
ac_cv_env_CPPFLAGS_value=
ac_cv_env_CPP_set=
ac_cv_env_CPP_value=
ac_cv_env_LDFLAGS_set=
ac_cv_env_LDFLAGS_value=
ac_cv_env_LIBS_set=
ac_cv_env_LIBS_value=
ac_cv_env_build_alias_set=
ac_cv_env_build_alias_value=
ac_cv_env_host_alias_set=
ac_cv_env_host_alias_value=
ac_cv_env_target_alias_set=
ac_cv_env_target_alias_value=
ac_cv_func_fnmatch_works=yes
ac_cv_func_lchown=yes
ac_cv_func_strdup=yes
ac_cv_func_strftime=yes
ac_cv_func_strlcpy=yes
ac_cv_func_strmode=yes
ac_cv_func_strsep=yes
ac_cv_header_dlfcn_h=yes
ac_cv_header_fnmatch_h=yes
ac_cv_header_inttypes_h=yes
ac_cv_header_libgen_h=yes
ac_cv_header_memory_h=yes
ac_cv_header_minix_config_h=no
ac_cv_header_stdc=yes
ac_cv_header_stdint_h=yes
ac_cv_header_stdlib_h=yes
ac_cv_header_string_h=yes
ac_cv_header_strings_h=yes
ac_cv_header_sys_stat_h=yes
ac_cv_header_sys_types_h=yes
ac_cv_header_sys_types_h_makedev=yes
ac_cv_header_unistd_h=yes
ac_cv_host=x86_64-apple-darwin13.0.0
ac_cv_lib_z_gzread=yes
ac_cv_objext=o
ac_cv_path_EGREP='/usr/bin/grep -E'
ac_cv_path_FGREP='/usr/bin/grep -F'
ac_cv_path_GREP=/usr/bin/grep
ac_cv_path_SED=/usr/bin/sed
ac_cv_path_install='/usr/bin/install -c'
ac_cv_prog_AWK=awk
ac_cv_prog_CPP='gcc -E'
ac_cv_prog_ac_ct_AR=ar
ac_cv_prog_ac_ct_CC=gcc
ac_cv_prog_ac_ct_DSYMUTIL=dsymutil
ac_cv_prog_ac_ct_LIPO=lipo
ac_cv_prog_ac_ct_NMEDIT=nmedit
ac_cv_prog_ac_ct_OBJDUMP=objdump
ac_cv_prog_ac_ct_OTOOL=otool
ac_cv_prog_ac_ct_RANLIB=ranlib
ac_cv_prog_ac_ct_STRIP=strip
ac_cv_prog_cc_c89=
ac_cv_prog_cc_g=yes
ac_cv_prog_make_make_set=yes
ac_cv_safe_to_define___extensions__=yes
ac_cv_tls=__thread
ac_cv_type_dev_t=yes
ac_cv_type_major_t=no
ac_cv_type_minor_t=no
ac_cv_type_mode_t=yes
ac_cv_type_nlink_t=yes
ac_cv_type_off_t=yes
ac_cv_type_size_t=yes
ac_cv_type_socklen_t=yes
ac_cv_type_uid_t=yes
ac_cv_type_uint64_t=yes
am_cv_CC_dependencies_compiler_type=none
am_cv_make_support_nested_variables=yes
am_cv_prog_cc_c_o=yes
compat_cv_func_basename_works=yes
compat_cv_func_dirname_works=yes
compat_cv_func_makedev_three_args=no
compat_cv_func_snprintf_works=yes
lt_cv_apple_cc_single_mod=yes
lt_cv_ar_at_file=no
lt_cv_deplibs_check_method=pass_all
lt_cv_file_magic_cmd='$MAGIC_CMD'
lt_cv_file_magic_test_file=
lt_cv_ld_exported_symbols_list=yes
lt_cv_ld_force_load=yes
lt_cv_ld_reload_flag=-r
lt_cv_nm_interface='BSD nm'
lt_cv_objdir=.libs
lt_cv_path_LD=/Applications/Xcode.app/Contents/Developer/Toolchains/XcodeDefault.xctoolchain/usr/bin/ld
lt_cv_path_NM=/usr/bin/nm
lt_cv_path_mainfest_tool=no
lt_cv_prog_compiler_c_o=yes
lt_cv_prog_compiler_pic='-fno-common -DPIC'
lt_cv_prog_compiler_pic_works=yes
lt_cv_prog_compiler_rtti_exceptions=yes
lt_cv_prog_compiler_static_works=no
lt_cv_prog_gnu_ld=no
lt_cv_sharedlib_from_linklib_cmd='printf %s\n'
lt_cv_sys_global_symbol_pipe='sed -n -e '\''s/^.*[	 ]\([BCDEGRST][BCDEGRST]*\)[	 ][	 ]*_\([_A-Za-z][_A-Za-z0-9]*\)$/\1 _\2 \2/p'\'' | sed '\''/ __gnu_lto/d'\'''
lt_cv_sys_global_symbol_to_c_name_address='sed -n -e '\''s/^: \([^ ]*\)[ ]*$/  {\"\1\", (void *) 0},/p'\'' -e '\''s/^[BCDEGRST]* \([^ ]*\) \([^ ]*\)$/  {"\2", (void *) \&\2},/p'\'''
lt_cv_sys_global_symbol_to_c_name_address_lib_prefix='sed -n -e '\''s/^: \([^ ]*\)[ ]*$/  {\"\1\", (void *) 0},/p'\'' -e '\''s/^[BCDEGRST]* \([^ ]*\) \(lib[^ ]*\)$/  {"\2", (void *) \&\2},/p'\'' -e '\''s/^[BCDEGRST]* \([^ ]*\) \([^ ]*\)$/  {"lib\2", (void *) \&\2},/p'\'''
lt_cv_sys_global_symbol_to_cdecl='sed -n -e '\''s/^T .* \(.*\)$/extern int \1();/p'\'' -e '\''s/^[BCDEGRST]* .* \(.*\)$/extern char \1;/p'\'''
lt_cv_sys_max_cmd_len=196608
lt_cv_to_host_file_cmd=func_convert_file_noop
lt_cv_to_tool_file_cmd=func_convert_file_noop

## ----------------- ##
## Output variables. ##
## ----------------- ##

ACLOCAL='${SHELL} /Users/tim/Code/technical/jolony/runtime/deps/libtar/autoconf/missing aclocal-1.14'
AMDEPBACKSLASH='\'
AMDEP_FALSE='#'
AMDEP_TRUE=''
AMTAR='$${TAR-tar}'
AM_BACKSLASH='\'
AM_DEFAULT_V='$(AM_DEFAULT_VERBOSITY)'
AM_DEFAULT_VERBOSITY='1'
AM_V='$(V)'
AR='ar'
AUTOCONF='${SHELL} /Users/tim/Code/technical/jolony/runtime/deps/libtar/autoconf/missing autoconf'
AUTOHEADER='${SHELL} /Users/tim/Code/technical/jolony/runtime/deps/libtar/autoconf/missing autoheader'
AUTOMAKE='${SHELL} /Users/tim/Code/technical/jolony/runtime/deps/libtar/autoconf/missing automake-1.14'
AWK='awk'
CC='gcc'
CCDEPMODE='depmode=none'
CFLAGS='-g -O2'
CPP='gcc -E'
CPPFLAGS=''
CYGPATH_W='echo'
DEFS='-DHAVE_CONFIG_H'
DEPDIR='.deps'
DLLTOOL='false'
DSYMUTIL='dsymutil'
DUMPBIN=''
ECHO_C='\c'
ECHO_N=''
ECHO_T=''
EGREP='/usr/bin/grep -E'
ENCAP_DEFS=''
ENCAP_INSTALL_RULES=''
ENCAP_INSTALL_TARGET=''
EPKG=''
EXEEXT=''
FGREP='/usr/bin/grep -F'
GREP='/usr/bin/grep'
INSTALL_DATA='${INSTALL} -m 644'
INSTALL_PROGRAM='${INSTALL}'
INSTALL_SCRIPT='${INSTALL}'
INSTALL_STRIP_PROGRAM='$(install_sh) -c -s'
LD='/Applications/Xcode.app/Contents/Developer/Toolchains/XcodeDefault.xctoolchain/usr/bin/ld'
LDFLAGS=''
LIBOBJS=''
LIBS='-lz '
LIBTOOL='$(SHELL) $(top_builddir)/libtool'
LIPO='lipo'
LISTHASH_DIR='listhash'
LISTHASH_PREFIX='libtar'
LN_S='ln -s'
LTLIBOBJS=''
MAKEINFO='${SHELL} /Users/tim/Code/technical/jolony/runtime/deps/libtar/autoconf/missing makeinfo'
MANIFEST_TOOL=':'
MKDIR='mkdir -p -m 755'
MKDIR_P='autoconf/install-sh -c -d'
MKENCAP=''
NM='/usr/bin/nm'
NMEDIT='nmedit'
OBJDUMP='objdump'
OBJEXT='o'
OTOOL64=':'
OTOOL='otool'
PACKAGE='libtar'
PACKAGE_BUGREPORT=''
PACKAGE_NAME='libtar'
PACKAGE_STRING='libtar 1.2.20'
PACKAGE_TARNAME='libtar'
PACKAGE_URL=''
PACKAGE_VERSION='1.2.20'
PATH_SEPARATOR=':'
RANLIB='ranlib'
SED='/usr/bin/sed'
SET_MAKE=''
SHELL='/bin/sh'
STRIP='strip'
VERSION='1.2.20'
ac_ct_AR='ar'
ac_ct_CC='gcc'
ac_ct_DUMPBIN=''
am__EXEEXT_FALSE=''
am__EXEEXT_TRUE='#'
am__fastdepCC_FALSE=''
am__fastdepCC_TRUE='#'
am__include='include'
am__isrc=''
am__leading_dot='.'
am__nodep='_no'
am__quote=''
am__tar='$${TAR-tar} chof - "$$tardir"'
am__untar='$${TAR-tar} xf -'
bindir='${exec_prefix}/bin'
build='x86_64-apple-darwin13.0.0'
build_alias=''
build_cpu='x86_64'
build_os='darwin13.0.0'
build_vendor='apple'
datadir='${datarootdir}'
datarootdir='${prefix}/share'
docdir='${datarootdir}/doc/${PACKAGE_TARNAME}'
dvidir='${docdir}'
exec_prefix='${prefix}'
host='x86_64-apple-darwin13.0.0'
host_alias=''
host_cpu='x86_64'
host_os='darwin13.0.0'
host_vendor='apple'
htmldir='${docdir}'
includedir='${prefix}/include'
infodir='${datarootdir}/info'
install_sh='${SHELL} /Users/tim/Code/technical/jolony/runtime/deps/libtar/autoconf/install-sh'
libdir='${exec_prefix}/lib'
libexecdir='${exec_prefix}/libexec'
localedir='${datarootdir}/locale'
localstatedir='${prefix}/var'
mandir='${datarootdir}/man'
mkdir_p='$(MKDIR_P)'
oldincludedir='/usr/include'
pdfdir='${docdir}'
prefix='/usr/local'
program_transform_name='s,x,x,'
psdir='${docdir}'
sbindir='${exec_prefix}/sbin'
sharedstatedir='${prefix}/com'
sysconfdir='${prefix}/etc'
target_alias=''

## ----------- ##
## confdefs.h. ##
## ----------- ##

/* confdefs.h */
#define PACKAGE_NAME "libtar"
#define PACKAGE_TARNAME "libtar"
#define PACKAGE_VERSION "1.2.20"
#define PACKAGE_STRING "libtar 1.2.20"
#define PACKAGE_BUGREPORT ""
#define PACKAGE_URL ""
#define PACKAGE "libtar"
#define VERSION "1.2.20"
#define NEED_STRLCPY 1
#define HAVE_STRLCPY 1
#define NEED_STRSEP 1
#define HAVE_STRSEP 1
#define STDC_HEADERS 1
#define HAVE_SYS_TYPES_H 1
#define HAVE_SYS_STAT_H 1
#define HAVE_STDLIB_H 1
#define HAVE_STRING_H 1
#define HAVE_MEMORY_H 1
#define HAVE_STRINGS_H 1
#define HAVE_INTTYPES_H 1
#define HAVE_STDINT_H 1
#define HAVE_UNISTD_H 1
#define __EXTENSIONS__ 1
#define _ALL_SOURCE 1
#define _GNU_SOURCE 1
#define _POSIX_PTHREAD_SEMANTICS 1
#define _TANDEM_SOURCE 1
#define HAVE_DLFCN_H 1
#define LT_OBJDIR ".libs/"
#define TLS __thread
#define STDC_HEADERS 1
#define HAVE_UNISTD_H 1
#define major_t unsigned int
#define minor_t unsigned int
#define HAVE_DEV_T 1
#define HAVE_SOCKLEN_T 1
#define HAVE_UINT64_T 1
#define HAVE_NLINK_T 1
#define NEED_BASENAME 1
#define HAVE_LIBGEN_H 1
#define HAVE_BASENAME 1
#define NEED_DIRNAME 1
#define HAVE_LIBGEN_H 1
#define HAVE_DIRNAME 1
#define NEED_FNMATCH 1
#define HAVE_FNMATCH_H 1
#define HAVE_FNMATCH 1
#define HAVE_LCHOWN 1
#define NEED_MAKEDEV 1
#define NEED_SNPRINTF 1
#define HAVE_SNPRINTF 1
#define NEED_STRDUP 1
#define HAVE_STRDUP 1
#define HAVE_STRFTIME 1
#define NEED_STRLCPY 1
#define HAVE_STRLCPY 1
#define NEED_STRMODE 1
#define HAVE_STRMODE 1
#define NEED_STRSEP 1
#define HAVE_STRSEP 1
#define HAVE_LIBZ 1

configure: exit 0
